<?xml version="1.0" encoding="UTF-8"?>
<testng-results ignored="0" total="3" passed="3" failed="0" skipped="0">
  <reporter-output>
  </reporter-output>
  <suite started-at="2022-05-02T17:37:32 IST" name="Suite" finished-at="2022-05-02T17:37:56 IST" duration-ms="23634">
    <groups>
    </groups>
    <test started-at="2022-05-02T17:37:32 IST" name="Test" finished-at="2022-05-02T17:37:56 IST" duration-ms="23634">
      <class name="Scripts.Testcase1">
        <test-method is-config="true" signature="openApp()[pri:0, instance:Scripts.Testcase1@4de4b452]" started-at="2022-05-02T17:37:32 IST" name="openApp" finished-at="2022-05-02T17:37:37 IST" duration-ms="4504" status="PASS">
          <reporter-output>
          </reporter-output>
        </test-method> <!-- openApp -->
        <test-method signature="tc1()[pri:0, instance:Scripts.Testcase1@4de4b452]" started-at="2022-05-02T17:37:37 IST" name="tc1" finished-at="2022-05-02T17:37:41 IST" duration-ms="4181" status="PASS">
          <reporter-output>
          </reporter-output>
        </test-method> <!-- tc1 -->
        <test-method is-config="true" signature="closeApp(org.testng.ITestResult)[pri:0, instance:Scripts.Testcase1@4de4b452]" started-at="2022-05-02T17:37:41 IST" name="closeApp" finished-at="2022-05-02T17:37:41 IST" duration-ms="167" status="PASS">
          <params>
            <param index="0">
              <value>
                <![CDATA[[TestResult name=tc1 status=SUCCESS method=Testcase1.tc1()[pri:0, instance:Scripts.Testcase1@4de4b452] output={null}]]]>
              </value>
            </param>
          </params>
          <reporter-output>
          </reporter-output>
        </test-method> <!-- closeApp -->
      </class> <!-- Scripts.Testcase1 -->
      <class name="Scripts.Testcase2">
        <test-method is-config="true" signature="openApp()[pri:0, instance:Scripts.Testcase2@6283d8b8]" started-at="2022-05-02T17:37:41 IST" name="openApp" finished-at="2022-05-02T17:37:44 IST" duration-ms="2475" status="PASS">
          <reporter-output>
          </reporter-output>
        </test-method> <!-- openApp -->
        <test-method signature="tc2()[pri:0, instance:Scripts.Testcase2@6283d8b8]" started-at="2022-05-02T17:37:44 IST" name="tc2" finished-at="2022-05-02T17:37:48 IST" duration-ms="4563" status="PASS">
          <reporter-output>
          </reporter-output>
        </test-method> <!-- tc2 -->
        <test-method is-config="true" signature="closeApp(org.testng.ITestResult)[pri:0, instance:Scripts.Testcase2@6283d8b8]" started-at="2022-05-02T17:37:48 IST" name="closeApp" finished-at="2022-05-02T17:37:49 IST" duration-ms="157" status="PASS">
          <params>
            <param index="0">
              <value>
                <![CDATA[[TestResult name=tc2 status=SUCCESS method=Testcase2.tc2()[pri:0, instance:Scripts.Testcase2@6283d8b8] output={null}]]]>
              </value>
            </param>
          </params>
          <reporter-output>
          </reporter-output>
        </test-method> <!-- closeApp -->
      </class> <!-- Scripts.Testcase2 -->
      <class name="Scripts.Testcase3">
        <test-method is-config="true" signature="openApp()[pri:0, instance:Scripts.Testcase3@3b6ddd1d]" started-at="2022-05-02T17:37:49 IST" name="openApp" finished-at="2022-05-02T17:37:50 IST" duration-ms="1937" status="PASS">
          <reporter-output>
          </reporter-output>
        </test-method> <!-- openApp -->
        <test-method signature="tc3()[pri:0, instance:Scripts.Testcase3@3b6ddd1d]" started-at="2022-05-02T17:37:50 IST" name="tc3" finished-at="2022-05-02T17:37:56 IST" duration-ms="5423" status="PASS">
          <reporter-output>
          </reporter-output>
        </test-method> <!-- tc3 -->
        <test-method is-config="true" signature="closeApp(org.testng.ITestResult)[pri:0, instance:Scripts.Testcase3@3b6ddd1d]" started-at="2022-05-02T17:37:56 IST" name="closeApp" finished-at="2022-05-02T17:37:56 IST" duration-ms="186" status="PASS">
          <params>
            <param index="0">
              <value>
                <![CDATA[[TestResult name=tc3 status=SUCCESS method=Testcase3.tc3()[pri:0, instance:Scripts.Testcase3@3b6ddd1d] output={null}]]]>
              </value>
            </param>
          </params>
          <reporter-output>
          </reporter-output>
        </test-method> <!-- closeApp -->
      </class> <!-- Scripts.Testcase3 -->
    </test> <!-- Test -->
  </suite> <!-- Suite -->
</testng-results>
